ERROR - 2023-12-17 06:12:42 --> Error connecting to the database: mysqli_sql_exception: Unknown database 'ci_bookstore' in /Applications/XAMPP/xamppfiles/htdocs/BukuPedia/system/Database/MySQLi/Connection.php:184
Stack trace:
#0 /Applications/XAMPP/xamppfiles/htdocs/BukuPedia/system/Database/MySQLi/Connection.php(184): mysqli->real_connect('127.0.0.1', 'root', Object(SensitiveParameterValue), 'ci_bookstore', 3306, '', 0)
#1 /Applications/XAMPP/xamppfiles/htdocs/BukuPedia/system/Database/BaseConnection.php(392): CodeIgniter\Database\MySQLi\Connection->connect(false)
#2 /Applications/XAMPP/xamppfiles/htdocs/BukuPedia/system/Database/BaseConnection.php(575): CodeIgniter\Database\BaseConnection->initialize()
#3 /Applications/XAMPP/xamppfiles/htdocs/BukuPedia/system/Database/BaseConnection.php(1410): CodeIgniter\Database\BaseConnection->query('SHOW TABLES FRO...')
#4 /Applications/XAMPP/xamppfiles/htdocs/BukuPedia/system/Database/BaseConnection.php(1429): CodeIgniter\Database\BaseConnection->listTables()
#5 /Applications/XAMPP/xamppfiles/htdocs/BukuPedia/system/Database/MigrationRunner.php(764): CodeIgniter\Database\BaseConnection->tableExists('migrations')
#6 /Applications/XAMPP/xamppfiles/htdocs/BukuPedia/system/Database/MigrationRunner.php(168): CodeIgniter\Database\MigrationRunner->ensureTable()
#7 /Applications/XAMPP/xamppfiles/htdocs/BukuPedia/system/Commands/Database/Migrate.php(84): CodeIgniter\Database\MigrationRunner->latest(NULL)
#8 /Applications/XAMPP/xamppfiles/htdocs/BukuPedia/system/CLI/Commands.php(65): CodeIgniter\Commands\Database\Migrate->run(Array)
#9 /Applications/XAMPP/xamppfiles/htdocs/BukuPedia/system/CLI/Console.php(46): CodeIgniter\CLI\Commands->run('migrate', Array)
#10 /Applications/XAMPP/xamppfiles/htdocs/BukuPedia/spark(102): CodeIgniter\CLI\Console->run()
#11 {main}

Next CodeIgniter\Database\Exceptions\DatabaseException: Unknown database 'ci_bookstore' in /Applications/XAMPP/xamppfiles/htdocs/BukuPedia/system/Database/MySQLi/Connection.php:229
Stack trace:
#0 /Applications/XAMPP/xamppfiles/htdocs/BukuPedia/system/Database/BaseConnection.php(392): CodeIgniter\Database\MySQLi\Connection->connect(false)
#1 /Applications/XAMPP/xamppfiles/htdocs/BukuPedia/system/Database/BaseConnection.php(575): CodeIgniter\Database\BaseConnection->initialize()
#2 /Applications/XAMPP/xamppfiles/htdocs/BukuPedia/system/Database/BaseConnection.php(1410): CodeIgniter\Database\BaseConnection->query('SHOW TABLES FRO...')
#3 /Applications/XAMPP/xamppfiles/htdocs/BukuPedia/system/Database/BaseConnection.php(1429): CodeIgniter\Database\BaseConnection->listTables()
#4 /Applications/XAMPP/xamppfiles/htdocs/BukuPedia/system/Database/MigrationRunner.php(764): CodeIgniter\Database\BaseConnection->tableExists('migrations')
#5 /Applications/XAMPP/xamppfiles/htdocs/BukuPedia/system/Database/MigrationRunner.php(168): CodeIgniter\Database\MigrationRunner->ensureTable()
#6 /Applications/XAMPP/xamppfiles/htdocs/BukuPedia/system/Commands/Database/Migrate.php(84): CodeIgniter\Database\MigrationRunner->latest(NULL)
#7 /Applications/XAMPP/xamppfiles/htdocs/BukuPedia/system/CLI/Commands.php(65): CodeIgniter\Commands\Database\Migrate->run(Array)
#8 /Applications/XAMPP/xamppfiles/htdocs/BukuPedia/system/CLI/Console.php(46): CodeIgniter\CLI\Commands->run('migrate', Array)
#9 /Applications/XAMPP/xamppfiles/htdocs/BukuPedia/spark(102): CodeIgniter\CLI\Console->run()
#10 {main}
CRITICAL - 2023-12-17 20:22:36 --> Undefined variable $book
in APPPATH/Views/transaction/history.php on line 50.
 1 APPPATH/Views/transaction/history.php(50): CodeIgniter\Debug\Exceptions->errorHandler(2, 'Undefined variable $book', '/Applications/XAMPP/xamppfiles/htdocs/BukuPedia/app/Views/transaction/history.php', 50)
 2 SYSTEMPATH/View/View.php(228): include('/Applications/XAMPP/xamppfiles/htdocs/BukuPedia/app/Views/transaction/history.php')
 3 SYSTEMPATH/View/View.php(231): CodeIgniter\View\View->CodeIgniter\View\{closure}()
 4 SYSTEMPATH/Common.php(1190): CodeIgniter\View\View->render('transaction/history', [], true)
 5 APPPATH/Controllers/TransactionsController.php(26): view('transaction/history', [...])
 6 SYSTEMPATH/CodeIgniter.php(942): App\Controllers\TransactionsController->index()
 7 SYSTEMPATH/CodeIgniter.php(502): CodeIgniter\CodeIgniter->runController(Object(App\Controllers\TransactionsController))
 8 SYSTEMPATH/CodeIgniter.php(361): CodeIgniter\CodeIgniter->handleRequest(null, Object(Config\Cache), false)
 9 FCPATH/index.php(79): CodeIgniter\CodeIgniter->run()
10 SYSTEMPATH/Commands/Server/rewrite.php(47): require_once('/Applications/XAMPP/xamppfiles/htdocs/BukuPedia/public/index.php')
